<?xml version="1.0" encoding="UTF-8"?>
<!-- Generated by org.testng.reporters.JUnitReportReporter -->
<testsuite hostname="Ashubhi" failures="0" tests="1" name="testScenarios2.createAccountTestNg" time="3.429" errors="0" timestamp="2023-04-18T19:36:41 IST" skipped="0">
  <testcase classname="testScenarios2.createAccountTestNg" name="CreateAccount" time="3.429"/>
  <system-out/>
</testsuite> <!-- testScenarios2.createAccountTestNg -->
